gAAAAABoMDe4lmzUvrup3aj1UGsp8kVStGiIkXH5wlsJizCY7ekhb1TThzGRrVP5MQqx-f6p5kaImN3BJ7y77-Ir-9RZwbeQQg==
gAAAAABoMDe4gRi8L1zW7VCG4Ky_k7QaCLvmho96U0oResz63APHw_RiPdQXSgLQe_iCSxmV0uY-Og-inzBEc8CqBSGPr1nzZA==
gAAAAABoMDe4rh49nbAGZPYRoQr1hQKt7CTL__WkWKH0r8l2V0FUDgAcJ8l0MMskoEwI09Alo9KXyq6oBC3bGArA0QvoHbOZQQ==
gAAAAABoMDe5FJFPBEZ2upPSZ9koXcFz6eps9Dvr7am8Fm7ys_qSvWHe4sFNFGHwD5PpxKb7pbCRaA2vBDgY_TJAhM9vdkR05Q==
gAAAAABoMDe58QNS0kt0QgtFgaTX_xIbY0HWyBq_QOacBx22ux7IoCe3SseJvUaMAEXN4ddYyQGsVb176jhCEKzuzuQ5b-QjtA==
gAAAAABoMDe6vfJuT93RAvVYPvNQ2_7STjgA5rFwc9W0A5_lKn0Xsp4NdKbFHHggazl7r5oKVq86zI9mtP_eWkih4kjGI3kqEA==
gAAAAABoMDe6BSKhi889ZjfpI9yx2kt9mx2aH5QAvf1bNwsYQgn96UKOh2Hp1gQ_9AtM63MLOg_GpWmzpFH148XoOq6Mpio0BQ==
gAAAAABoMDe6Uw3d_-ng0p-rSGG37lmarMsCyja7mWlZAuAozJghJogc4JYKpwCfaXT4M1uQn6Lo4GlO3co6IYREUSxxEb4zHA==
gAAAAABoMDe7d_H7dI2Cj3DgCoe2kGzHhoeH_JYhXBpIXCR1Z7ZXPMEihKwTKe0l7D1t6bxLoHA4dNd9_YfbODM7KVLZlfwMvA==
gAAAAABoMDe7Fr1wkny7Cp3B3ByRA5zqOVV18aFPRBQfpvxq3BmIq_0x1NxT7ev44Xzc0xCPaYoyVJwa39d0_HnbfO9aQLInfg==
gAAAAABoMDe7YRp5FqrZUUoSq5gcZgpz7a7EmUS4RTPd_FjyXukW4CCJ8MheoLMqNnllU9kWlgo4dYwML0scJPJuf8CPP1F5Uw==
gAAAAABoMDe8MdBeBoovScYa2q5BBFAgb8TsF77i5Iy2frumT7gZzflbvwjWP2r4xJiZrUH_Yai5idRDLE2Tiinggp-aZtaI_g==
gAAAAABoMDe8P6stGP8b8aIzOp35W4qOMIDZaQqLyq0037WPHvzmYZp99H-nNsUWV_2uzFbt_Pkq18KR54T12_ZGexePqbLpvA==
gAAAAABoMDe8rBdgFcYxNQdKKMJMfkk1TLNZZ6WXiIhNcF-4-YH7snk812wRcggBxtuAZTH_UuNdGW4tED7gwSO-2xku9QNM5A==
gAAAAABoMDe9aN8lDwBFRprS06nuojtKZKv8X_QpRhTKu_lDEIkJaE7NeRyTU5-Tz2UNszEdMDyEj2HFckxuNkv-_aDyc7nMkQ==
gAAAAABoMDe-wu9h-j0LAXuSWZowqkLpKCjuO1WHLtWLSQh3Khc-uznTLnV7Olk7dehOyCnClWyceO3wguoiC6kFI3URqP5BUQ==
gAAAAABoMDe-QVpitESEXvafwLPSxkGJa61PliYxSO86xilwLawJWzGIFrGA1KT21taCplIrAmignLNCD-VWPh7hib_CZwyIDg==
gAAAAABoMDe_NL_8xWdZ7dLurN1z1nEqzJamAyI32lX7672U734Q9P_gJUGXGgIdeHQFIGUOLzpHW2Gy36Oh-gwXrsmKb3RNRg==
gAAAAABoMDe_frrdJ-Nswx5WL-Hg8FJ9x0BH_kHeuUqN0-vkILWrG0GBIak8NPChe20BqyRays5YEX9-TPpCXE_Obrro3w_cTQ==
gAAAAABoMDe_puTpJIFvUrA071yzHUo6yxl5HSUfA6McESVRPSWoMQgnvxLOmerO9mFYNANnFB7e3jmLet1JoA5ZYWcdoOaNqw==
gAAAAABoMDfAjPEhR1WKLIF0YnFpOyfZ8Mm4sawS3MbZZuzuJrx489vX4NaFAa5cNtby3yDlv8dEVy4php62RL_EoxMAS4-_TA==
gAAAAABoMDfAeB_tEK8sHh4v4lMhu9TrTJas49J4VhKeDb1lw3kCE0OWJSRK1r6HzJI57xQxImwS5UD0rP9ogdEWX3lYgF1jkA==
gAAAAABoMDfBbPYrI0xUJDDJ3m7vmDz3H87DzB0nwS9cfLjOSppjobCUCqPET-UToKOpptEY8k6u8ybgpUsfSEd3FNKE_AyUCg==
gAAAAABoMDfBnNGAYAslWnKLxA0HdGLK9GxZiWcpn4vSU4CnA-MMvR84JzFe8sy8L2qBmSLKNJTJkxWBMOHEE-GzQ73qZzu8gw==
gAAAAABoMDfCEFDckARCUyeXd3NITt2c4enoUh8jojbeGZ-UzB2IJ1dnSS1ratPzndCzndicTTz3yW6yvVZ3q3VbWM3OoRuGIA==
gAAAAABoMDfD9VtnuxBYDz3J8qvQM4gXZaGmavUJD7w26C4lkgNF3nligJ_AK9WA6ksmKcVWtX0EK_gss53pq_j-lrAjDNcmzw==
gAAAAABoMDfD26SUe0hWGZ-a-JHEcl7hpmYsjDZyiHDcXm25waLHwSY_dVxW5P7p8XksYZ0s3a9WIOJ3s3At8pL-WCKnQobW_g==
gAAAAABoMDfD7ziPDRmCT7hIPA8GbVdc9TS37BowyMCWknE7rQtZHGJG_FPwR0F-9SmoFG5x5Ct6QwDklDiTXIfhycbycltPDw==
gAAAAABoMDfEsBGrlEUK80D2pbbN6TaPvMm_KHfo2UIfTV7xfEYJuiEuRtRb8vyexbS_Onjx66sgzhEaBdwD7T8PgSDI2SFD4w==
gAAAAABoMDfFBTHK1Y5m1N9kgjT39srtPpC5ZOeBFXjCGh3j5Z0k1J_a0ypFvQNgEv_-8uJS6UZOet4XAdIiqlr_0M0uK6TrHg==
gAAAAABoMDfFkGablaRPKDMRLrtE9RozWG2BLXLuRcywjVy4zmzefqlRuKEQIIabkDDshSsjRLTZgAzZpAT7XQ95sna3T3tr2A==
gAAAAABoMDfFs02JmCoUx4IRrhAvke4bo_uxs-GDbN5Fj3wW6qaeCHI7FNbT95eHKRMescNeAzbU-PmU-JSq0bEpFxiyxsPVAQ==
gAAAAABoMDfGWAjAPlid6aBahKkyOu9a1gP5wLhV2nS0o0OHn7vAHpsb7XTmOLbiSLoSw-aGVg7yTvypd10WGnGCsjHW7T6eWQ==
gAAAAABoMDfGg8b8SXRh1DtGi1rgcFBdNnCX6Z4Ix77iIdpNDkL6udTlNIItKbyqJ0vaWVCfeD48ZZiuwqnJuYrrWkHIWIkUvg==
gAAAAABoMDfHkLBYPkVpSslXopb68CptId6Mc5Yhv82oEEWs-YvtkNypAbydGScT5pFPNGSNnI3AZMChc55buZTFYELEmZuEVQ==
gAAAAABoMDfHaxfEqg_6Fo-SOHXKIjPwtHT-xnJ9dzmNRtdorZXcKJFgev83kv2hS_YbDFCA67wQiBISywMIKlCjXN0A4RyRzA==
gAAAAABoMDfHweMqCQwozYuGfOpGomswye6CEnUG55B9Ngpeg3vJlCRnLhmCE8X3rj6jQX3fbHq-548JnLzLbKyBwIDtmTKgEA==
gAAAAABoMDfHr-Mpu2rXhk_1xsjbdPDzGIszwQucR0RMYgA-lDafzT3rxfnPYryXgrh_PB-1kn_ya0mxh6lYhvlHqajFMa2e7A==
gAAAAABoMDfIALNLTVT6060K4oUkvE28v7ESskCZplBlb25PCBN-Z81cq1LotHEIBGajiFE9hPjmT8iL7Ve_P3QBikSMAiP8Wg==
gAAAAABoMDfJ3uQDigccaOl3QwVNns8gJyM5Mvo45ru0Zig-w2VaB_V83vIdEF1mCepaN5KYRYFBF1bucH2RW2hRAjmqsmyzDA==
gAAAAABoMDfKzrhIlR-C21M7JMLFeM2zB8PpTwomWwQb9Gbe9_EAm5jmlaS78u0t5m5-Q-3GVwBbe2CMC6PKBe9KRDO2sZ8S6A==
gAAAAABoMDfLXmaZZHWuLqiYdZArrwHVz6DSe4aDm9ye-luv9H9IK0bfySNVbCuM6nsHsjZXxQ5_xbi6icFHzq0UYf8M99Khqw==
gAAAAABoMDfL44HF9MWnva1qIXBm5KctszTeZP4wRdHbMJkYqdb-bevXSgZs8isS1NtAKbKrBMHJBmb2sAiqZdK1_st9vA9IhA==
gAAAAABoMDfLeo0GVE_WQvenf6cYWG1Msg2b9FVmOKFlW7knE5LVo6Q5wVozciyKY_Fs98OvVkxnW2913aQyDz8QzY6GirsE3g==
gAAAAABoMDfLdzO6kFSohP1ixHHbnDpITosJtdpYroHXR6XzR_SH-o4wRZ5uNY3bnSuM9lRSKuWDo_c0CQ20DO6GfHpeeDrA5g==
gAAAAABoMDfMAzKwdm0NKmmASH80hlLkkNFSXHiNIOOY2nSW57LQ_3EfghR3Vdrf98A8K7n_JDCmvfVXDovsjrgz7ceg0NKVBA==
gAAAAABoMDfM--qrBzcEPcGzMQGPQOEIyPZTQz0IlraDMsDWuY8KQfHZ3CW32ghVSMTv_HpWmts6M41hnpsr9GUVxHQ9xR3Xrw==
gAAAAABoMDfNt0kBkNvDO6942eVPIPN4TGwK2_PxjLkWf1tBfsp-B095I9nBVMYreE_wabWVRUeVH5KCj29KXn6xfvooOarMvA==
gAAAAABoMDfNSU5oeNeI4iVkl2ZVzcExysxm9zCPSJHh-y_P4BzJam-5bWNvoF2hDL9FLQED3wH4XTT1-Aw5HtyDnhMn6Eoo6w==
gAAAAABoMDfNmsSRaDPc31Ifh_8F9Yk7IufbmlWEsTHxqUNgNAaRAGGZruuW4vDfGbqL6iW0GUO77GBT0dcSGfyWPB3dB44akw==
gAAAAABoMDfOMpJFJ6WaClldX8jGUkYxoUY6nF4LTcKEu_Mss8upBfNvcbhjQ_lrAZwUK9R5FfetlHnOUAZiguyj2dwyiEZiWQ==
gAAAAABoMDfO18ocS_hYDtPNUm7afHgbpDhM4ee_cBG2qLb_UDCt8yc9saFIBXGllkaM5e7uCM2QuosyaRcXjjbu8TSKgu8x-w==
gAAAAABoMDfPMTyIOHDy7OIYZ92juYIcrpidLq2JPWpBfy6hUUgDEbpGrn02Xxpwe4UOm7wxXS5rc103ymz_e7Mo866uELlfzg==
gAAAAABoMDfPyBqboqZXKbIdHDJUg5l3n-D_AtsUHtXuEoX9cd1pobn9m_Ut6rhG6naOwnJQaUIJDaBDfqsa8Dy2cOz6unaWZw==
gAAAAABoMDfQLAsn0rvxzxIvQrTQumpHIZnS2Y5xhPDB_ZBWBEIH7iE3k792bDGnPThbfAkn_H8BNC6cwAjGLatK1lQUiX3FzA==
gAAAAABoMDfQMeYg57mmdqvB4NjjRTkMTlZct7o0aRAV_3WGZzDZAcXBMQBJBqSvMXftBlaCBqfJ-EWtBwiKipbZjUAeGkEc5w==
gAAAAABoMDfQvhd37DemefymkOVCuy3lnR1dKXD4sWmFRk-9wxSVNumQXxOnR-bFnUtxQBOfsFU4yzFclPwfCf0RTNhdwRxKaw==
gAAAAABoMDfRKltAuf_SXxS1wKxWI10QBFwrF3JqOhrUkgth_zXlttsWvpy4BmRPLPd-Qewr93GM1jqlOHpYE1pXbvMtaKXiNg==
gAAAAABoMDfSpiPBM8fNXLJmRCFVRqaxvJQCyCni9kdGK02qPGFOk3skuoROptgnnlDC0-RLpNY6HCFzXVYKuEP57iJQqHcVrQ==
gAAAAABoMDfSAgqCh7R8YRDfpFBG2rBiv2LPgEI32hIIRQb8Hp6JlNi8Uun60ITkSoaHUWzmLigKa25sMUNgF10BD_bkGaHV1A==
gAAAAABoMDfSyZOBzi5G6hwPMZf2lQ8K_-k3jpi9N8ySICbZmptvJmTyUTP-VnoA0jz0COjq2lo7UlAWyAst1E1csiUQuiQdhA==
gAAAAABoMDfTmmE8rTpBIj4bsZJnm3fX4B0l3WzU7v4UeY4xdjTabh-6yiGdTQb8-X-okRhmxP4oexricCvcyvW3CGjCoaS5yw==
gAAAAABoMDfTaSq7xzcMVWUdxnD1_WzxGcg8kZAuzuFbb3hlgk9XZejPF099fmcTFPOzWsfqhYlE7vg7nHOjzLrh7sEWgDcyRg==
gAAAAABoMDfT7y6DAsmgydkpzoWvLzRkobGCQAVdYlU9Cpj-G87nWiHIIXO-dldXfJ4f2wF70g4G-i6Gtx8RFAxqOASuZmm9uQ==
gAAAAABoMDfUBflJ1KooNY1u27UtZJKdekEHXAYE7BX1MTHnw8YXHz1wQ9QJCjTIen_ZxUw8FtWwU_jnyB0n38ACGcI61PEIpw==
gAAAAABoMDfUVxp8AHjwhY3U4m1-2XfjidLpmlyAlaV1drgcZFnR9fC80IKC9dRP07X753-mDaZG8HtPoEb1DuATyqgNKBt6iw==
gAAAAABoMDfUbmEyELFY5HepOejO8sbkb8r7FdQ57lvQZHuW4kG0RVOxpKOZaDlzVy7WDqVWPq-7VNfcLmYlq6qvC8gMn-766g==
gAAAAABoMDfVfrD5zdjo7sxXRRd54QER_1MXns_qJeMS-76O4EqDRfKQJxG-dpj8Ovca-r5vvP6j4-bmhjWfFYrcXytN8IPwdw==
gAAAAABoMDfVt0LLHzFfkOTUqmRefnRfGBPZEZxF6nkHdoYIruOCs-5z8YO0wweTUph_jMOFN7GOiQHescM3W8hzuWpY7sf-1g==
gAAAAABoMDfV5LA-aGhtrEnkoyY5SfanUad4FcmFyExeFqAgDRT9AccwuJrCKBrAEDujUfH1KnlLIafpVO8uEKjW2CsflLI8Kg==
gAAAAABoMDfWKHZn8cklqEHpk8zD9wDSLXR53paDedAvcKVLrw6rgVxEBkPxo24AdVKxwPyVTeJFYOdT8ASBZKZRLOuj555jiw==
gAAAAABoMDfWWcFrFKrORs3dBbAkTqZIx81hEn7sYFTRup5ro7vArPXD9lHYdA24LLI_SXsedvkKKncnpBPbbftVR6yNxrHHRQ==
gAAAAABoMDfWy-wG-HCcjEAIELBMoqPckFMVIlOiYwIK0JqTwxMKs5w2ERLAv2pMmD_U0coDoRmb1neon9Lsu9rCgbnmbSw7DA==
gAAAAABoMDfXaKQYR8sYM6fczonNrWX7tm9nytObomorpexpCINFwTY5EBKmm5YADZxTaC9Uzdn2Q_3yOuCVQ_xw3xanC4RqVA==
gAAAAABoMDfX2nBjMmSPYchdBzct9tjtfrNGoo8t9qu8CjzRq5cgHNxwmoyrlEaNUmTneVaDKfBpHyDov11Fg_aQDm7GJUJ2rg==
gAAAAABoMDfXA_Le9yV9Mng-fBHcIdnVpNAJ9SiDxvlvibLN5vEff7ZQAxyi5qqgjlpNc5Ej8Pog7dVLIDdart2L1UNDdMZe1g==
gAAAAABoMDfYM_ZNGFkMOGO98kWWMmsZ5m1uOGeDT-Be1tLpLGrJt7pRgvLUumYnncZX8ByoxF2k0ZuMBA9SjSGo-mwXARP-sw==
